<component name="libraryTable">
  <library name="JUnit5.3">
    <CLASSES>
      <root url="jar://$PROJECT_DIR$/lib/junit-jupiter-api-5.4.0.jar!/" />
      <root url="jar://$PROJECT_DIR$/lib/apiguardian-api-1.0.0.jar!/" />
      <root url="jar://$PROJECT_DIR$/lib/opentest4j-1.1.1.jar!/" />
      <root url="jar://$PROJECT_DIR$/lib/junit-platform-commons-1.4.0.jar!/" />
      <root url="file://$MAVEN_REPOSITORY$/org/junit/jupiter/junit-jupiter-api/5.4.0" />
    </CLASSES>
    <JAVADOC />
    <SOURCES />
    <jarDirectory url="file://$MAVEN_REPOSITORY$/org/junit/jupiter/junit-jupiter-api/5.4.0" recursive="false" />
  </library>
</component>